0 info it worked if it ends with ok
1 verbose cli [ 'node',
1 verbose cli   '/usr/local/bin/npm',
1 verbose cli   'install',
1 verbose cli   'git+https://git@github.com/zenozeng/fonts.css.git',
1 verbose cli   '--save' ]
2 info using npm@2.12.1
3 info using node@v0.12.7
4 verbose node symlink /usr/local/bin/node
5 verbose install initial load of /private/var/www/xichuangzhu-classic/package.json
6 verbose installManyTop reading scoped package data from /private/var/www/xichuangzhu-classic/node_modules/css-loader/package.json
7 verbose installManyTop reading scoped package data from /private/var/www/xichuangzhu-classic/node_modules/director/package.json
8 verbose installManyTop reading scoped package data from /private/var/www/xichuangzhu-classic/node_modules/html-loader/package.json
9 verbose installManyTop reading scoped package data from /private/var/www/xichuangzhu-classic/node_modules/less/package.json
10 verbose installManyTop reading scoped package data from /private/var/www/xichuangzhu-classic/node_modules/less-loader/package.json
11 verbose installManyTop reading scoped package data from /private/var/www/xichuangzhu-classic/node_modules/normalize.css/package.json
12 verbose installManyTop reading scoped package data from /private/var/www/xichuangzhu-classic/node_modules/style-loader/package.json
13 verbose installManyTop reading scoped package data from /private/var/www/xichuangzhu-classic/node_modules/vue/package.json
14 verbose installManyTop reading scoped package data from /private/var/www/xichuangzhu-classic/node_modules/vue-loader/package.json
15 verbose installManyTop reading scoped package data from /private/var/www/xichuangzhu-classic/node_modules/vue-resource/package.json
16 verbose installManyTop reading scoped package data from /private/var/www/xichuangzhu-classic/node_modules/webpack/package.json
17 info package.json less-loader@2.2.0 No license field.
18 info package.json director@1.2.8 No license field.
19 info package.json html-loader@0.3.0 No license field.
20 verbose readDependencies loading dependencies from /private/var/www/xichuangzhu-classic/package.json
21 silly cache add args [ 'git+https://git@github.com/zenozeng/fonts.css.git', null ]
22 verbose cache add spec git+https://git@github.com/zenozeng/fonts.css.git
23 silly cache add parsed spec { raw: 'git+https://git@github.com/zenozeng/fonts.css.git',
23 silly cache add   scope: null,
23 silly cache add   name: null,
23 silly cache add   rawSpec: 'git+https://git@github.com/zenozeng/fonts.css.git',
23 silly cache add   spec: 'git+https://git@github.com/zenozeng/fonts.css.git',
23 silly cache add   type: 'hosted',
23 silly cache add   hosted:
23 silly cache add    { type: 'github',
23 silly cache add      ssh: 'git@github.com:zenozeng/fonts.css.git',
23 silly cache add      sshUrl: 'git+ssh://git@github.com/zenozeng/fonts.css.git',
23 silly cache add      httpsUrl: 'git+https://git@github.com/zenozeng/fonts.css.git',
23 silly cache add      gitUrl: 'git://git@github.com/zenozeng/fonts.css.git',
23 silly cache add      shortcut: 'github:zenozeng/fonts.css',
23 silly cache add      directUrl: 'https://git@raw.githubusercontent.com/zenozeng/fonts.css/master/package.json' } }
24 verbose addRemoteGit caching git+https://git@github.com/zenozeng/fonts.css.git
25 verbose addRemoteGit git+https://git@github.com/zenozeng/fonts.css.git is a repository hosted by github
26 silly tryClone cloning git+https://git@github.com/zenozeng/fonts.css.git via git+https://git@github.com/zenozeng/fonts.css.git
27 verbose tryClone https-git-github-com-zenozeng-fonts-css-git-b240e8cc not in flight; caching
28 verbose makeDirectory /Users/hustlzp/.npm/_git-remotes creation not in flight; initializing
29 silly makeDirectory /Users/hustlzp/.npm/_git-remotes uid: 501 gid: 20
30 info git [ 'clone',
30 info git   '--template=/Users/hustlzp/.npm/_git-remotes/_templates',
30 info git   '--mirror',
30 info git   'https://git@github.com/zenozeng/fonts.css.git',
30 info git   '/Users/hustlzp/.npm/_git-remotes/https-git-github-com-zenozeng-fonts-css-git-b240e8cc' ]
31 verbose mirrorRemote git+https://git@github.com/zenozeng/fonts.css.git git clone https://git@github.com/zenozeng/fonts.css.git
32 verbose setPermissions git+https://git@github.com/zenozeng/fonts.css.git set permissions on /Users/hustlzp/.npm/_git-remotes/https-git-github-com-zenozeng-fonts-css-git-b240e8cc
33 verbose resolveHead git+https://git@github.com/zenozeng/fonts.css.git original treeish: master
34 info git [ 'rev-list', '-n1', 'master' ]
35 silly resolveHead git+https://git@github.com/zenozeng/fonts.css.git resolved treeish: 1ee8c79b23d2118db5eda09eb96c508cf6d373e7
36 verbose resolveHead git+https://git@github.com/zenozeng/fonts.css.git resolved Git URL: git+https://git@github.com/zenozeng/fonts.css.git#1ee8c79b23d2118db5eda09eb96c508cf6d373e7
37 silly resolveHead Git working directory: /var/folders/9g/w7yj2wss0yl_lpl6p8p9yvvc0000gn/T/npm-49349-5a9a0ff7/git-cache-e2dbc46d6f92/1ee8c79b23d2118db5eda09eb96c508cf6d373e7
38 info git [ 'clone',
38 info git   '/Users/hustlzp/.npm/_git-remotes/https-git-github-com-zenozeng-fonts-css-git-b240e8cc',
38 info git   '/var/folders/9g/w7yj2wss0yl_lpl6p8p9yvvc0000gn/T/npm-49349-5a9a0ff7/git-cache-e2dbc46d6f92/1ee8c79b23d2118db5eda09eb96c508cf6d373e7' ]
39 verbose cloneResolved git+https://git@github.com/zenozeng/fonts.css.git clone Cloning into '/var/folders/9g/w7yj2wss0yl_lpl6p8p9yvvc0000gn/T/npm-49349-5a9a0ff7/git-cache-e2dbc46d6f92/1ee8c79b23d2118db5eda09eb96c508cf6d373e7'...
39 verbose cloneResolved done.
40 info git [ 'checkout', '1ee8c79b23d2118db5eda09eb96c508cf6d373e7' ]
41 verbose checkoutTreeish git+https://git@github.com/zenozeng/fonts.css.git checkout Note: checking out '1ee8c79b23d2118db5eda09eb96c508cf6d373e7'.
41 verbose checkoutTreeish
41 verbose checkoutTreeish You are in 'detached HEAD' state. You can look around, make experimental
41 verbose checkoutTreeish changes and commit them, and you can discard any commits you make in this
41 verbose checkoutTreeish state without impacting any branches by performing another checkout.
41 verbose checkoutTreeish
41 verbose checkoutTreeish If you want to create a new branch to retain commits you create, you may
41 verbose checkoutTreeish do so (now or later) by using -b with the checkout command again. Example:
41 verbose checkoutTreeish
41 verbose checkoutTreeish   git checkout -b new_branch_name
41 verbose checkoutTreeish
41 verbose checkoutTreeish HEAD is now at 1ee8c79... Merge branch 'master' of https://github.com/zenozeng/fonts.css
42 error addLocal Could not install /var/folders/9g/w7yj2wss0yl_lpl6p8p9yvvc0000gn/T/npm-49349-5a9a0ff7/git-cache-e2dbc46d6f92/1ee8c79b23d2118db5eda09eb96c508cf6d373e7
43 verbose stack Error: No version provided in package.json
43 verbose stack     at /usr/local/lib/node_modules/npm/lib/cache/add-local.js:70:17
43 verbose stack     at /usr/local/lib/node_modules/npm/node_modules/read-package-json/read-json.js:345:5
43 verbose stack     at checkBinReferences_ (/usr/local/lib/node_modules/npm/node_modules/read-package-json/read-json.js:309:45)
43 verbose stack     at final (/usr/local/lib/node_modules/npm/node_modules/read-package-json/read-json.js:343:3)
43 verbose stack     at then (/usr/local/lib/node_modules/npm/node_modules/read-package-json/read-json.js:113:5)
43 verbose stack     at /usr/local/lib/node_modules/npm/node_modules/read-package-json/read-json.js:232:12
43 verbose stack     at evalmachine.<anonymous>:334:14
43 verbose stack     at /usr/local/lib/node_modules/npm/node_modules/graceful-fs/graceful-fs.js:102:5
43 verbose stack     at FSReqWrap.oncomplete (evalmachine.<anonymous>:95:15)
44 verbose cwd /private/var/www/xichuangzhu-classic
45 error Darwin 14.4.0
46 error argv "node" "/usr/local/bin/npm" "install" "git+https://git@github.com/zenozeng/fonts.css.git" "--save"
47 error node v0.12.7
48 error npm  v2.12.1
49 error No version provided in package.json
50 error If you need help, you may report this error at:
50 error     <https://github.com/npm/npm/issues>
51 verbose exit [ 1, true ]
